2024-06-29 04:45:09,882 CRIT Supervisor is running as root.  Privileges were not dropped because no user is specified in the config file.  If you intend to run as root, you can set user=root in the config file to avoid this message.
2024-06-29 04:45:09,893 INFO supervisord started with pid 1
2024-06-29 04:45:10,900 INFO spawned: 'laravel-queue' with pid 7
2024-06-29 04:45:10,903 INFO spawned: 'php-fpm' with pid 8
2024-06-29 04:45:11,948 INFO success: laravel-queue entered RUNNING state, process has stayed up for > than 1 seconds (startsecs)
2024-06-29 04:45:11,949 INFO success: php-fpm entered RUNNING state, process has stayed up for > than 1 seconds (startsecs)
2024-06-29 04:45:43,796 WARN received SIGQUIT indicating exit request
2024-06-29 04:45:43,798 INFO waiting for laravel-queue, php-fpm to die
2024-06-29 04:45:43,802 INFO stopped: php-fpm (exit status 0)
2024-06-29 04:45:43,804 WARN stopped: laravel-queue (terminated by SIGTERM)
2024-06-29 04:46:11,223 CRIT Supervisor is running as root.  Privileges were not dropped because no user is specified in the config file.  If you intend to run as root, you can set user=root in the config file to avoid this message.
2024-06-29 04:46:11,229 INFO supervisord started with pid 1
2024-06-29 04:46:12,235 INFO spawned: 'laravel-queue' with pid 7
2024-06-29 04:46:12,239 INFO spawned: 'php-fpm' with pid 8
2024-06-29 04:46:13,272 INFO success: laravel-queue entered RUNNING state, process has stayed up for > than 1 seconds (startsecs)
2024-06-29 04:46:13,273 INFO success: php-fpm entered RUNNING state, process has stayed up for > than 1 seconds (startsecs)
2024-06-29 04:51:29,564 WARN received SIGQUIT indicating exit request
2024-06-29 04:51:29,573 INFO waiting for laravel-queue, php-fpm to die
2024-06-29 04:51:30,635 INFO stopped: php-fpm (exit status 0)
2024-06-29 04:51:31,652 WARN stopped: laravel-queue (terminated by SIGTERM)
2024-06-29 04:52:15,322 CRIT Supervisor is running as root.  Privileges were not dropped because no user is specified in the config file.  If you intend to run as root, you can set user=root in the config file to avoid this message.
2024-06-29 04:52:15,344 INFO supervisord started with pid 1
2024-06-29 04:52:16,351 INFO spawned: 'laravel-queue' with pid 8
2024-06-29 04:52:16,355 INFO spawned: 'php-fpm' with pid 9
2024-06-29 04:52:17,418 INFO success: laravel-queue entered RUNNING state, process has stayed up for > than 1 seconds (startsecs)
2024-06-29 04:52:17,418 INFO success: php-fpm entered RUNNING state, process has stayed up for > than 1 seconds (startsecs)
2024-06-29 05:10:14,617 WARN received SIGQUIT indicating exit request
2024-06-29 05:10:14,618 INFO waiting for laravel-queue, php-fpm to die
2024-06-29 05:10:15,636 INFO stopped: php-fpm (exit status 0)
2024-06-29 05:10:16,645 WARN stopped: laravel-queue (terminated by SIGTERM)
2024-06-29 05:10:49,313 CRIT Supervisor is running as root.  Privileges were not dropped because no user is specified in the config file.  If you intend to run as root, you can set user=root in the config file to avoid this message.
2024-06-29 05:10:49,320 INFO supervisord started with pid 1
2024-06-29 05:10:50,324 INFO spawned: 'laravel-queue' with pid 7
2024-06-29 05:10:50,326 INFO spawned: 'php-fpm' with pid 8
2024-06-29 05:10:51,366 INFO success: laravel-queue entered RUNNING state, process has stayed up for > than 1 seconds (startsecs)
2024-06-29 05:10:51,367 INFO success: php-fpm entered RUNNING state, process has stayed up for > than 1 seconds (startsecs)
2024-06-29 05:36:01,181 WARN received SIGQUIT indicating exit request
2024-06-29 05:36:01,182 INFO waiting for laravel-queue, php-fpm to die
2024-06-29 05:36:01,186 INFO stopped: php-fpm (exit status 0)
2024-06-29 05:36:02,190 WARN stopped: laravel-queue (terminated by SIGTERM)
2024-06-29 06:04:15,555 CRIT Supervisor is running as root.  Privileges were not dropped because no user is specified in the config file.  If you intend to run as root, you can set user=root in the config file to avoid this message.
2024-06-29 06:04:15,588 INFO supervisord started with pid 1
2024-06-29 06:04:16,593 INFO spawned: 'laravel-queue' with pid 7
2024-06-29 06:04:16,597 INFO spawned: 'php-fpm' with pid 8
2024-06-29 06:04:17,685 INFO success: laravel-queue entered RUNNING state, process has stayed up for > than 1 seconds (startsecs)
2024-06-29 06:04:17,686 INFO success: php-fpm entered RUNNING state, process has stayed up for > than 1 seconds (startsecs)
2024-06-29 06:05:00,955 WARN received SIGQUIT indicating exit request
2024-06-29 06:05:00,955 INFO waiting for laravel-queue, php-fpm to die
2024-06-29 06:05:00,963 INFO stopped: php-fpm (exit status 0)
2024-06-29 06:05:01,967 WARN stopped: laravel-queue (terminated by SIGTERM)
2024-06-29 06:05:51,672 CRIT Supervisor is running as root.  Privileges were not dropped because no user is specified in the config file.  If you intend to run as root, you can set user=root in the config file to avoid this message.
2024-06-29 06:05:51,680 INFO supervisord started with pid 1
2024-06-29 06:05:52,685 INFO spawned: 'laravel-queue' with pid 7
2024-06-29 06:05:52,689 INFO spawned: 'php-fpm' with pid 8
2024-06-29 06:05:53,745 INFO success: laravel-queue entered RUNNING state, process has stayed up for > than 1 seconds (startsecs)
2024-06-29 06:05:53,745 INFO success: php-fpm entered RUNNING state, process has stayed up for > than 1 seconds (startsecs)
2024-06-29 06:06:09,811 WARN received SIGQUIT indicating exit request
2024-06-29 06:06:09,812 INFO waiting for laravel-queue, php-fpm to die
2024-06-29 06:06:09,816 INFO stopped: php-fpm (exit status 0)
2024-06-29 06:06:09,818 WARN stopped: laravel-queue (terminated by SIGTERM)
2024-06-29 06:13:03,178 CRIT Supervisor is running as root.  Privileges were not dropped because no user is specified in the config file.  If you intend to run as root, you can set user=root in the config file to avoid this message.
2024-06-29 06:13:03,187 INFO supervisord started with pid 1
2024-06-29 06:13:04,190 INFO spawned: 'laravel-queue' with pid 7
2024-06-29 06:13:04,193 INFO spawned: 'php-fpm' with pid 8
2024-06-29 06:13:05,228 INFO success: laravel-queue entered RUNNING state, process has stayed up for > than 1 seconds (startsecs)
2024-06-29 06:13:05,229 INFO success: php-fpm entered RUNNING state, process has stayed up for > than 1 seconds (startsecs)
2024-06-29 07:13:07,755 INFO exited: laravel-queue (exit status 0; expected)
2024-06-29 07:13:07,761 INFO spawned: 'laravel-queue' with pid 14
2024-06-29 07:13:08,764 INFO success: laravel-queue entered RUNNING state, process has stayed up for > than 1 seconds (startsecs)
2024-06-29 08:13:09,314 INFO exited: laravel-queue (exit status 0; expected)
2024-06-29 08:13:10,326 INFO spawned: 'laravel-queue' with pid 26
2024-06-29 08:13:11,328 INFO success: laravel-queue entered RUNNING state, process has stayed up for > than 1 seconds (startsecs)
2024-06-29 09:13:15,240 INFO exited: laravel-queue (exit status 0; expected)
2024-06-29 09:13:16,257 INFO spawned: 'laravel-queue' with pid 30
2024-06-29 09:13:17,264 INFO success: laravel-queue entered RUNNING state, process has stayed up for > than 1 seconds (startsecs)
2024-06-29 10:13:18,442 INFO exited: laravel-queue (exit status 0; expected)
2024-06-29 10:13:19,466 INFO spawned: 'laravel-queue' with pid 34
2024-06-29 10:13:20,471 INFO success: laravel-queue entered RUNNING state, process has stayed up for > than 1 seconds (startsecs)
2024-06-29 11:13:21,656 INFO exited: laravel-queue (exit status 0; expected)
2024-06-29 11:13:22,669 INFO spawned: 'laravel-queue' with pid 38
2024-06-29 11:13:23,672 INFO success: laravel-queue entered RUNNING state, process has stayed up for > than 1 seconds (startsecs)
2024-06-29 13:56:02,138 INFO exited: laravel-queue (exit status 0; expected)
2024-06-29 13:56:03,245 INFO spawned: 'laravel-queue' with pid 42
2024-06-29 13:56:04,272 INFO success: laravel-queue entered RUNNING state, process has stayed up for > than 1 seconds (startsecs)
2024-06-29 14:56:07,342 INFO exited: laravel-queue (exit status 0; expected)
2024-06-29 14:56:08,350 INFO spawned: 'laravel-queue' with pid 46
2024-06-29 14:56:09,352 INFO success: laravel-queue entered RUNNING state, process has stayed up for > than 1 seconds (startsecs)
2024-06-29 15:56:11,978 INFO exited: laravel-queue (exit status 0; expected)
2024-06-29 15:56:12,985 INFO spawned: 'laravel-queue' with pid 50
2024-06-29 15:56:13,988 INFO success: laravel-queue entered RUNNING state, process has stayed up for > than 1 seconds (startsecs)
2024-06-29 16:56:16,632 INFO exited: laravel-queue (exit status 0; expected)
2024-06-29 16:56:17,640 INFO spawned: 'laravel-queue' with pid 54
2024-06-29 16:56:18,643 INFO success: laravel-queue entered RUNNING state, process has stayed up for > than 1 seconds (startsecs)
2024-06-29 17:56:21,710 INFO exited: laravel-queue (exit status 0; expected)
2024-06-29 17:56:22,724 INFO spawned: 'laravel-queue' with pid 58
2024-06-29 17:56:23,729 INFO success: laravel-queue entered RUNNING state, process has stayed up for > than 1 seconds (startsecs)
2024-06-29 18:56:25,913 INFO exited: laravel-queue (exit status 0; expected)
2024-06-29 18:56:26,920 INFO spawned: 'laravel-queue' with pid 62
2024-06-29 18:56:27,926 INFO success: laravel-queue entered RUNNING state, process has stayed up for > than 1 seconds (startsecs)
2024-06-29 19:56:28,637 INFO exited: laravel-queue (exit status 0; expected)
2024-06-29 19:56:29,644 INFO spawned: 'laravel-queue' with pid 66
2024-06-29 19:56:30,646 INFO success: laravel-queue entered RUNNING state, process has stayed up for > than 1 seconds (startsecs)
2024-06-29 20:56:31,119 INFO exited: laravel-queue (exit status 0; expected)
2024-06-29 20:56:32,125 INFO spawned: 'laravel-queue' with pid 70
2024-06-29 20:56:33,129 INFO success: laravel-queue entered RUNNING state, process has stayed up for > than 1 seconds (startsecs)
2024-06-29 21:56:33,384 INFO exited: laravel-queue (exit status 0; expected)
2024-06-29 21:56:34,390 INFO spawned: 'laravel-queue' with pid 74
2024-06-29 21:56:35,393 INFO success: laravel-queue entered RUNNING state, process has stayed up for > than 1 seconds (startsecs)
2024-06-29 22:56:37,792 INFO exited: laravel-queue (exit status 0; expected)
2024-06-29 22:56:38,797 INFO spawned: 'laravel-queue' with pid 78
2024-06-29 22:56:39,799 INFO success: laravel-queue entered RUNNING state, process has stayed up for > than 1 seconds (startsecs)
2024-06-29 23:56:42,003 INFO exited: laravel-queue (exit status 0; expected)
2024-06-29 23:56:43,014 INFO spawned: 'laravel-queue' with pid 82
2024-06-29 23:56:44,017 INFO success: laravel-queue entered RUNNING state, process has stayed up for > than 1 seconds (startsecs)
2024-06-30 00:56:46,273 INFO exited: laravel-queue (exit status 0; expected)
2024-06-30 00:56:47,278 INFO spawned: 'laravel-queue' with pid 86
2024-06-30 00:56:48,281 INFO success: laravel-queue entered RUNNING state, process has stayed up for > than 1 seconds (startsecs)
2024-06-30 01:56:50,407 INFO exited: laravel-queue (exit status 0; expected)
2024-06-30 01:56:51,411 INFO spawned: 'laravel-queue' with pid 90
2024-06-30 01:56:52,414 INFO success: laravel-queue entered RUNNING state, process has stayed up for > than 1 seconds (startsecs)
2024-06-30 02:56:54,391 INFO exited: laravel-queue (exit status 0; expected)
2024-06-30 02:56:55,395 INFO spawned: 'laravel-queue' with pid 94
2024-06-30 02:56:56,398 INFO success: laravel-queue entered RUNNING state, process has stayed up for > than 1 seconds (startsecs)
2024-06-30 03:56:59,058 INFO exited: laravel-queue (exit status 0; expected)
2024-06-30 03:57:00,063 INFO spawned: 'laravel-queue' with pid 98
2024-06-30 03:57:01,066 INFO success: laravel-queue entered RUNNING state, process has stayed up for > than 1 seconds (startsecs)
2024-06-30 04:57:03,171 INFO exited: laravel-queue (exit status 0; expected)
2024-06-30 04:57:04,176 INFO spawned: 'laravel-queue' with pid 102
2024-06-30 04:57:05,178 INFO success: laravel-queue entered RUNNING state, process has stayed up for > than 1 seconds (startsecs)
2024-06-30 05:57:07,427 INFO exited: laravel-queue (exit status 0; expected)
2024-06-30 05:57:08,435 INFO spawned: 'laravel-queue' with pid 106
2024-06-30 05:57:09,438 INFO success: laravel-queue entered RUNNING state, process has stayed up for > than 1 seconds (startsecs)
2024-06-30 06:57:12,096 INFO exited: laravel-queue (exit status 0; expected)
2024-06-30 06:57:13,101 INFO spawned: 'laravel-queue' with pid 110
2024-06-30 06:57:14,105 INFO success: laravel-queue entered RUNNING state, process has stayed up for > than 1 seconds (startsecs)
2024-06-30 08:48:24,086 INFO exited: laravel-queue (exit status 0; expected)
2024-06-30 08:48:25,097 INFO spawned: 'laravel-queue' with pid 114
2024-06-30 08:48:26,106 INFO success: laravel-queue entered RUNNING state, process has stayed up for > than 1 seconds (startsecs)
2024-06-30 09:48:30,808 INFO exited: laravel-queue (exit status 0; expected)
2024-06-30 09:48:31,817 INFO spawned: 'laravel-queue' with pid 118
2024-06-30 09:48:32,822 INFO success: laravel-queue entered RUNNING state, process has stayed up for > than 1 seconds (startsecs)
2024-06-30 10:48:36,175 INFO exited: laravel-queue (exit status 0; expected)
2024-06-30 10:48:37,181 INFO spawned: 'laravel-queue' with pid 122
2024-06-30 10:48:38,186 INFO success: laravel-queue entered RUNNING state, process has stayed up for > than 1 seconds (startsecs)
2024-06-30 13:22:08,628 INFO exited: laravel-queue (exit status 0; expected)
2024-06-30 13:22:09,635 INFO spawned: 'laravel-queue' with pid 126
2024-06-30 13:22:10,640 INFO success: laravel-queue entered RUNNING state, process has stayed up for > than 1 seconds (startsecs)
2024-07-02 12:56:56,020 CRIT Supervisor is running as root.  Privileges were not dropped because no user is specified in the config file.  If you intend to run as root, you can set user=root in the config file to avoid this message.
2024-07-02 12:56:56,025 INFO supervisord started with pid 1
2024-07-02 12:56:57,032 INFO spawned: 'laravel-queue' with pid 7
2024-07-02 12:56:57,037 INFO spawned: 'php-fpm' with pid 8
2024-07-02 12:56:58,143 INFO success: laravel-queue entered RUNNING state, process has stayed up for > than 1 seconds (startsecs)
2024-07-02 12:56:58,144 INFO success: php-fpm entered RUNNING state, process has stayed up for > than 1 seconds (startsecs)
2024-07-02 13:56:58,748 INFO exited: laravel-queue (exit status 0; expected)
2024-07-02 13:56:59,755 INFO spawned: 'laravel-queue' with pid 14
2024-07-02 13:57:00,758 INFO success: laravel-queue entered RUNNING state, process has stayed up for > than 1 seconds (startsecs)
2024-07-02 14:57:02,201 INFO exited: laravel-queue (exit status 0; expected)
2024-07-02 14:57:03,210 INFO spawned: 'laravel-queue' with pid 18
2024-07-02 14:57:04,215 INFO success: laravel-queue entered RUNNING state, process has stayed up for > than 1 seconds (startsecs)
2024-07-02 15:57:05,623 INFO exited: laravel-queue (exit status 0; expected)
2024-07-02 15:57:06,630 INFO spawned: 'laravel-queue' with pid 22
2024-07-02 15:57:07,634 INFO success: laravel-queue entered RUNNING state, process has stayed up for > than 1 seconds (startsecs)
2024-07-02 16:57:08,416 INFO exited: laravel-queue (exit status 0; expected)
2024-07-02 16:57:09,422 INFO spawned: 'laravel-queue' with pid 26
2024-07-02 16:57:10,425 INFO success: laravel-queue entered RUNNING state, process has stayed up for > than 1 seconds (startsecs)
2024-07-02 17:57:11,204 INFO exited: laravel-queue (exit status 0; expected)
2024-07-02 17:57:12,211 INFO spawned: 'laravel-queue' with pid 30
2024-07-02 17:57:13,213 INFO success: laravel-queue entered RUNNING state, process has stayed up for > than 1 seconds (startsecs)
2024-07-02 18:57:14,589 INFO exited: laravel-queue (exit status 0; expected)
2024-07-02 18:57:15,594 INFO spawned: 'laravel-queue' with pid 35
2024-07-02 18:57:16,598 INFO success: laravel-queue entered RUNNING state, process has stayed up for > than 1 seconds (startsecs)
2024-07-02 20:05:53,743 INFO exited: laravel-queue (exit status 0; expected)
2024-07-02 20:05:54,751 INFO spawned: 'laravel-queue' with pid 39
2024-07-02 20:05:55,762 INFO success: laravel-queue entered RUNNING state, process has stayed up for > than 1 seconds (startsecs)
2024-07-02 21:05:57,243 INFO exited: laravel-queue (exit status 0; expected)
2024-07-02 21:05:58,251 INFO spawned: 'laravel-queue' with pid 43
2024-07-02 21:05:59,254 INFO success: laravel-queue entered RUNNING state, process has stayed up for > than 1 seconds (startsecs)
2024-07-02 22:06:00,148 INFO exited: laravel-queue (exit status 0; expected)
2024-07-02 22:06:01,155 INFO spawned: 'laravel-queue' with pid 47
2024-07-02 22:06:02,157 INFO success: laravel-queue entered RUNNING state, process has stayed up for > than 1 seconds (startsecs)
2024-07-02 23:06:02,431 INFO exited: laravel-queue (exit status 0; expected)
2024-07-02 23:06:03,436 INFO spawned: 'laravel-queue' with pid 51
2024-07-02 23:06:04,440 INFO success: laravel-queue entered RUNNING state, process has stayed up for > than 1 seconds (startsecs)
2024-07-02 23:40:52,228 WARN received SIGQUIT indicating exit request
2024-07-02 23:40:52,231 INFO waiting for laravel-queue, php-fpm to die
2024-07-02 23:40:52,238 INFO stopped: php-fpm (exit status 0)
2024-07-02 23:40:52,240 WARN stopped: laravel-queue (terminated by SIGTERM)
2024-07-02 23:41:21,442 CRIT Supervisor is running as root.  Privileges were not dropped because no user is specified in the config file.  If you intend to run as root, you can set user=root in the config file to avoid this message.
2024-07-02 23:41:21,451 INFO supervisord started with pid 1
2024-07-02 23:41:22,461 INFO spawned: 'laravel-queue' with pid 7
2024-07-02 23:41:22,464 INFO spawned: 'php-fpm' with pid 8
2024-07-02 23:41:23,502 INFO success: laravel-queue entered RUNNING state, process has stayed up for > than 1 seconds (startsecs)
2024-07-02 23:41:23,503 INFO success: php-fpm entered RUNNING state, process has stayed up for > than 1 seconds (startsecs)
2024-07-03 02:08:43,783 INFO exited: laravel-queue (exit status 0; expected)
2024-07-03 02:08:44,792 INFO spawned: 'laravel-queue' with pid 15
2024-07-03 02:08:45,796 INFO success: laravel-queue entered RUNNING state, process has stayed up for > than 1 seconds (startsecs)
2024-07-03 03:09:45,774 INFO exited: laravel-queue (exit status 0; expected)
2024-07-03 03:09:46,798 INFO spawned: 'laravel-queue' with pid 19
2024-07-03 03:09:47,804 INFO success: laravel-queue entered RUNNING state, process has stayed up for > than 1 seconds (startsecs)
2024-07-03 04:10:48,013 INFO exited: laravel-queue (exit status 0; expected)
2024-07-03 04:10:49,018 INFO spawned: 'laravel-queue' with pid 23
2024-07-03 04:10:50,019 INFO success: laravel-queue entered RUNNING state, process has stayed up for > than 1 seconds (startsecs)
2024-07-03 05:11:49,941 INFO exited: laravel-queue (exit status 0; expected)
2024-07-03 05:11:50,946 INFO spawned: 'laravel-queue' with pid 27
2024-07-03 05:11:51,949 INFO success: laravel-queue entered RUNNING state, process has stayed up for > than 1 seconds (startsecs)
2024-07-03 06:11:54,178 INFO exited: laravel-queue (exit status 0; expected)
2024-07-03 06:11:55,182 INFO spawned: 'laravel-queue' with pid 31
2024-07-03 06:11:56,185 INFO success: laravel-queue entered RUNNING state, process has stayed up for > than 1 seconds (startsecs)
2024-07-03 07:11:58,238 INFO exited: laravel-queue (exit status 0; expected)
2024-07-03 07:11:59,242 INFO spawned: 'laravel-queue' with pid 35
2024-07-03 07:12:00,245 INFO success: laravel-queue entered RUNNING state, process has stayed up for > than 1 seconds (startsecs)
2024-07-03 08:12:03,160 INFO exited: laravel-queue (exit status 0; expected)
2024-07-03 08:12:04,173 INFO spawned: 'laravel-queue' with pid 39
2024-07-03 08:12:05,177 INFO success: laravel-queue entered RUNNING state, process has stayed up for > than 1 seconds (startsecs)
2024-07-03 09:23:46,633 INFO exited: laravel-queue (exit status 0; expected)
2024-07-03 09:23:47,644 INFO spawned: 'laravel-queue' with pid 43
2024-07-03 09:23:48,647 INFO success: laravel-queue entered RUNNING state, process has stayed up for > than 1 seconds (startsecs)
2024-07-03 10:26:48,095 INFO exited: laravel-queue (exit status 0; expected)
2024-07-03 10:26:49,105 INFO spawned: 'laravel-queue' with pid 47
2024-07-03 10:26:50,109 INFO success: laravel-queue entered RUNNING state, process has stayed up for > than 1 seconds (startsecs)
2024-07-03 10:45:49,091 WARN received SIGQUIT indicating exit request
2024-07-03 10:45:49,094 INFO waiting for laravel-queue, php-fpm to die
2024-07-03 10:45:49,116 INFO stopped: php-fpm (exit status 0)
2024-07-03 10:45:50,120 WARN stopped: laravel-queue (terminated by SIGTERM)
2024-07-03 10:46:25,057 CRIT Supervisor is running as root.  Privileges were not dropped because no user is specified in the config file.  If you intend to run as root, you can set user=root in the config file to avoid this message.
2024-07-03 10:46:25,064 INFO supervisord started with pid 1
2024-07-03 10:46:26,069 INFO spawned: 'laravel-queue' with pid 7
2024-07-03 10:46:26,073 INFO spawned: 'php-fpm' with pid 8
2024-07-03 10:46:27,126 INFO success: laravel-queue entered RUNNING state, process has stayed up for > than 1 seconds (startsecs)
2024-07-03 10:46:27,129 INFO success: php-fpm entered RUNNING state, process has stayed up for > than 1 seconds (startsecs)
2024-07-03 11:46:27,871 INFO exited: laravel-queue (exit status 0; expected)
2024-07-03 11:46:28,880 INFO spawned: 'laravel-queue' with pid 15
2024-07-03 11:46:29,884 INFO success: laravel-queue entered RUNNING state, process has stayed up for > than 1 seconds (startsecs)
2024-07-03 12:46:30,476 INFO exited: laravel-queue (exit status 0; expected)
2024-07-03 12:46:31,482 INFO spawned: 'laravel-queue' with pid 19
2024-07-03 12:46:32,485 INFO success: laravel-queue entered RUNNING state, process has stayed up for > than 1 seconds (startsecs)
2024-07-03 13:46:34,680 INFO exited: laravel-queue (exit status 0; expected)
2024-07-03 13:46:35,695 INFO spawned: 'laravel-queue' with pid 23
2024-07-03 13:46:36,702 INFO success: laravel-queue entered RUNNING state, process has stayed up for > than 1 seconds (startsecs)
2024-07-03 14:46:38,015 INFO exited: laravel-queue (exit status 0; expected)
2024-07-03 14:46:39,018 INFO spawned: 'laravel-queue' with pid 27
2024-07-03 14:46:40,021 INFO success: laravel-queue entered RUNNING state, process has stayed up for > than 1 seconds (startsecs)
2024-07-03 15:50:34,202 INFO exited: laravel-queue (exit status 0; expected)
2024-07-03 15:50:35,208 INFO spawned: 'laravel-queue' with pid 31
2024-07-03 15:50:36,212 INFO success: laravel-queue entered RUNNING state, process has stayed up for > than 1 seconds (startsecs)
2024-07-03 17:02:09,782 INFO exited: laravel-queue (exit status 0; expected)
2024-07-03 17:02:10,791 INFO spawned: 'laravel-queue' with pid 35
2024-07-03 17:02:11,808 INFO success: laravel-queue entered RUNNING state, process has stayed up for > than 1 seconds (startsecs)
2024-07-03 18:03:04,491 INFO exited: laravel-queue (exit status 0; expected)
2024-07-03 18:03:05,682 INFO spawned: 'laravel-queue' with pid 39
2024-07-03 18:03:06,692 INFO success: laravel-queue entered RUNNING state, process has stayed up for > than 1 seconds (startsecs)
2024-07-03 19:04:17,925 INFO exited: laravel-queue (exit status 0; expected)
2024-07-03 19:04:18,969 INFO spawned: 'laravel-queue' with pid 43
2024-07-03 19:04:19,974 INFO success: laravel-queue entered RUNNING state, process has stayed up for > than 1 seconds (startsecs)
2024-07-09 10:54:02,197 CRIT Supervisor is running as root.  Privileges were not dropped because no user is specified in the config file.  If you intend to run as root, you can set user=root in the config file to avoid this message.
2024-07-09 10:54:02,206 INFO supervisord started with pid 1
2024-07-09 10:54:03,213 INFO spawned: 'laravel-queue' with pid 7
2024-07-09 10:54:03,216 INFO spawned: 'php-fpm' with pid 8
2024-07-09 10:54:04,352 INFO success: laravel-queue entered RUNNING state, process has stayed up for > than 1 seconds (startsecs)
2024-07-09 10:54:04,353 INFO success: php-fpm entered RUNNING state, process has stayed up for > than 1 seconds (startsecs)
2024-07-09 11:54:07,039 INFO exited: laravel-queue (exit status 0; expected)
2024-07-09 11:54:08,048 INFO spawned: 'laravel-queue' with pid 14
2024-07-09 11:54:09,052 INFO success: laravel-queue entered RUNNING state, process has stayed up for > than 1 seconds (startsecs)
2024-07-09 12:54:11,848 INFO exited: laravel-queue (exit status 0; expected)
2024-07-09 12:54:12,876 INFO spawned: 'laravel-queue' with pid 18
2024-07-09 12:54:13,886 INFO success: laravel-queue entered RUNNING state, process has stayed up for > than 1 seconds (startsecs)
2024-07-09 13:54:14,935 INFO exited: laravel-queue (exit status 0; expected)
2024-07-09 13:54:15,951 INFO spawned: 'laravel-queue' with pid 22
2024-07-09 13:54:16,953 INFO success: laravel-queue entered RUNNING state, process has stayed up for > than 1 seconds (startsecs)
2024-07-09 14:54:20,088 INFO exited: laravel-queue (exit status 0; expected)
2024-07-09 14:54:21,098 INFO spawned: 'laravel-queue' with pid 26
2024-07-09 14:54:22,100 INFO success: laravel-queue entered RUNNING state, process has stayed up for > than 1 seconds (startsecs)
2024-07-09 15:54:26,270 INFO exited: laravel-queue (exit status 0; expected)
2024-07-09 15:54:27,281 INFO spawned: 'laravel-queue' with pid 30
2024-07-09 15:54:28,284 INFO success: laravel-queue entered RUNNING state, process has stayed up for > than 1 seconds (startsecs)
2024-07-09 16:29:50,603 INFO exited: laravel-queue (exit status 0; expected)
2024-07-09 16:29:51,609 INFO spawned: 'laravel-queue' with pid 34
2024-07-09 16:29:52,611 INFO success: laravel-queue entered RUNNING state, process has stayed up for > than 1 seconds (startsecs)
2024-07-09 16:29:58,958 INFO exited: laravel-queue (exit status 0; expected)
2024-07-09 16:29:59,967 INFO spawned: 'laravel-queue' with pid 38
2024-07-09 16:30:00,970 INFO success: laravel-queue entered RUNNING state, process has stayed up for > than 1 seconds (startsecs)
2024-07-09 16:30:06,255 INFO exited: laravel-queue (exit status 0; expected)
2024-07-09 16:30:07,263 INFO spawned: 'laravel-queue' with pid 42
2024-07-09 16:30:08,267 INFO success: laravel-queue entered RUNNING state, process has stayed up for > than 1 seconds (startsecs)
2024-07-09 16:30:13,826 INFO exited: laravel-queue (exit status 0; expected)
2024-07-09 16:30:14,832 INFO spawned: 'laravel-queue' with pid 46
2024-07-09 16:30:15,835 INFO success: laravel-queue entered RUNNING state, process has stayed up for > than 1 seconds (startsecs)
2024-07-09 16:30:21,347 INFO exited: laravel-queue (exit status 0; expected)
2024-07-09 16:30:22,353 INFO spawned: 'laravel-queue' with pid 50
2024-07-09 16:30:23,356 INFO success: laravel-queue entered RUNNING state, process has stayed up for > than 1 seconds (startsecs)
2024-07-09 16:30:28,721 INFO exited: laravel-queue (exit status 0; expected)
2024-07-09 16:30:29,734 INFO spawned: 'laravel-queue' with pid 54
2024-07-09 16:30:30,748 INFO success: laravel-queue entered RUNNING state, process has stayed up for > than 1 seconds (startsecs)
2024-07-09 16:30:36,077 INFO exited: laravel-queue (exit status 0; expected)
2024-07-09 16:30:37,086 INFO spawned: 'laravel-queue' with pid 58
2024-07-09 16:30:38,089 INFO success: laravel-queue entered RUNNING state, process has stayed up for > than 1 seconds (startsecs)
2024-07-09 16:30:44,329 INFO exited: laravel-queue (exit status 0; expected)
2024-07-09 16:30:45,337 INFO spawned: 'laravel-queue' with pid 62
2024-07-09 16:30:46,340 INFO success: laravel-queue entered RUNNING state, process has stayed up for > than 1 seconds (startsecs)
2024-07-09 16:30:51,678 INFO exited: laravel-queue (exit status 0; expected)
2024-07-09 16:30:52,684 INFO spawned: 'laravel-queue' with pid 66
2024-07-09 16:30:53,690 INFO success: laravel-queue entered RUNNING state, process has stayed up for > than 1 seconds (startsecs)
2024-07-09 16:30:59,011 INFO exited: laravel-queue (exit status 0; expected)
2024-07-09 16:31:00,016 INFO spawned: 'laravel-queue' with pid 70
2024-07-09 16:31:01,017 INFO success: laravel-queue entered RUNNING state, process has stayed up for > than 1 seconds (startsecs)
2024-07-09 16:31:06,402 INFO exited: laravel-queue (exit status 0; expected)
2024-07-09 16:31:07,406 INFO spawned: 'laravel-queue' with pid 74
2024-07-09 16:31:08,410 INFO success: laravel-queue entered RUNNING state, process has stayed up for > than 1 seconds (startsecs)
2024-07-09 16:31:13,868 INFO exited: laravel-queue (exit status 0; expected)
2024-07-09 16:31:14,872 INFO spawned: 'laravel-queue' with pid 78
2024-07-09 16:31:15,876 INFO success: laravel-queue entered RUNNING state, process has stayed up for > than 1 seconds (startsecs)
2024-07-09 16:31:21,191 INFO exited: laravel-queue (exit status 0; expected)
2024-07-09 16:31:21,195 INFO spawned: 'laravel-queue' with pid 82
2024-07-09 16:31:22,197 INFO success: laravel-queue entered RUNNING state, process has stayed up for > than 1 seconds (startsecs)
2024-07-09 16:31:27,454 INFO exited: laravel-queue (exit status 0; expected)
2024-07-09 16:31:28,460 INFO spawned: 'laravel-queue' with pid 86
2024-07-09 16:31:29,462 INFO success: laravel-queue entered RUNNING state, process has stayed up for > than 1 seconds (startsecs)
2024-07-09 16:31:34,892 INFO exited: laravel-queue (exit status 0; expected)
2024-07-09 16:31:35,896 INFO spawned: 'laravel-queue' with pid 90
2024-07-09 16:31:36,901 INFO success: laravel-queue entered RUNNING state, process has stayed up for > than 1 seconds (startsecs)
2024-07-09 16:31:42,540 INFO exited: laravel-queue (exit status 0; expected)
2024-07-09 16:31:43,546 INFO spawned: 'laravel-queue' with pid 94
2024-07-09 16:31:44,549 INFO success: laravel-queue entered RUNNING state, process has stayed up for > than 1 seconds (startsecs)
2024-07-09 16:31:49,900 INFO exited: laravel-queue (exit status 0; expected)
2024-07-09 16:31:50,903 INFO spawned: 'laravel-queue' with pid 98
2024-07-09 16:31:51,909 INFO success: laravel-queue entered RUNNING state, process has stayed up for > than 1 seconds (startsecs)
2024-07-09 16:31:57,369 INFO exited: laravel-queue (exit status 0; expected)
2024-07-09 16:31:58,378 INFO spawned: 'laravel-queue' with pid 102
2024-07-09 16:31:59,383 INFO success: laravel-queue entered RUNNING state, process has stayed up for > than 1 seconds (startsecs)
2024-07-09 16:32:04,979 INFO exited: laravel-queue (exit status 0; expected)
2024-07-09 16:32:05,984 INFO spawned: 'laravel-queue' with pid 106
2024-07-09 16:32:06,986 INFO success: laravel-queue entered RUNNING state, process has stayed up for > than 1 seconds (startsecs)
2024-07-09 16:32:12,377 INFO exited: laravel-queue (exit status 0; expected)
2024-07-09 16:32:13,385 INFO spawned: 'laravel-queue' with pid 110
2024-07-09 16:32:14,390 INFO success: laravel-queue entered RUNNING state, process has stayed up for > than 1 seconds (startsecs)
2024-07-09 16:32:19,842 INFO exited: laravel-queue (exit status 0; expected)
2024-07-09 16:32:20,847 INFO spawned: 'laravel-queue' with pid 114
2024-07-09 16:32:21,852 INFO success: laravel-queue entered RUNNING state, process has stayed up for > than 1 seconds (startsecs)
2024-07-09 16:32:27,149 INFO exited: laravel-queue (exit status 0; expected)
2024-07-09 16:32:28,154 INFO spawned: 'laravel-queue' with pid 118
2024-07-09 16:32:29,175 INFO success: laravel-queue entered RUNNING state, process has stayed up for > than 1 seconds (startsecs)
2024-07-09 16:32:34,318 INFO exited: laravel-queue (exit status 0; expected)
2024-07-09 16:32:35,321 INFO spawned: 'laravel-queue' with pid 122
2024-07-09 16:32:36,325 INFO success: laravel-queue entered RUNNING state, process has stayed up for > than 1 seconds (startsecs)
2024-07-09 16:32:41,592 INFO exited: laravel-queue (exit status 0; expected)
2024-07-09 16:32:42,598 INFO spawned: 'laravel-queue' with pid 126
2024-07-09 16:32:43,603 INFO success: laravel-queue entered RUNNING state, process has stayed up for > than 1 seconds (startsecs)
2024-07-09 16:32:49,015 INFO exited: laravel-queue (exit status 0; expected)
2024-07-09 16:32:50,054 INFO spawned: 'laravel-queue' with pid 130
2024-07-09 16:32:51,068 INFO success: laravel-queue entered RUNNING state, process has stayed up for > than 1 seconds (startsecs)
2024-07-09 16:33:29,301 INFO exited: laravel-queue (exit status 0; expected)
2024-07-09 16:33:30,308 INFO spawned: 'laravel-queue' with pid 134
2024-07-09 16:33:31,313 INFO success: laravel-queue entered RUNNING state, process has stayed up for > than 1 seconds (startsecs)
2024-07-09 16:33:35,376 INFO exited: laravel-queue (exit status 0; expected)
2024-07-09 16:33:36,381 INFO spawned: 'laravel-queue' with pid 138
2024-07-09 16:33:37,383 INFO success: laravel-queue entered RUNNING state, process has stayed up for > than 1 seconds (startsecs)
2024-07-09 16:33:41,471 INFO exited: laravel-queue (exit status 0; expected)
2024-07-09 16:33:42,476 INFO spawned: 'laravel-queue' with pid 142
2024-07-09 16:33:43,486 INFO success: laravel-queue entered RUNNING state, process has stayed up for > than 1 seconds (startsecs)
2024-07-09 16:47:36,067 INFO exited: laravel-queue (exit status 0; expected)
2024-07-09 16:47:37,074 INFO spawned: 'laravel-queue' with pid 146
2024-07-09 16:47:38,078 INFO success: laravel-queue entered RUNNING state, process has stayed up for > than 1 seconds (startsecs)
2024-07-09 17:47:40,960 INFO exited: laravel-queue (exit status 0; expected)
2024-07-09 17:47:41,968 INFO spawned: 'laravel-queue' with pid 150
2024-07-09 17:47:42,971 INFO success: laravel-queue entered RUNNING state, process has stayed up for > than 1 seconds (startsecs)
2024-07-09 18:28:51,707 INFO exited: laravel-queue (exit status 0; expected)
2024-07-09 18:28:52,712 INFO spawned: 'laravel-queue' with pid 154
2024-07-09 18:28:53,716 INFO success: laravel-queue entered RUNNING state, process has stayed up for > than 1 seconds (startsecs)
2024-07-09 18:33:29,964 INFO exited: laravel-queue (exit status 0; expected)
2024-07-09 18:33:30,971 INFO spawned: 'laravel-queue' with pid 158
2024-07-09 18:33:31,974 INFO success: laravel-queue entered RUNNING state, process has stayed up for > than 1 seconds (startsecs)
2024-07-09 18:33:36,075 INFO exited: laravel-queue (exit status 0; expected)
2024-07-09 18:33:37,082 INFO spawned: 'laravel-queue' with pid 162
2024-07-09 18:33:38,084 INFO success: laravel-queue entered RUNNING state, process has stayed up for > than 1 seconds (startsecs)
2024-07-09 18:33:42,157 INFO exited: laravel-queue (exit status 0; expected)
2024-07-09 18:33:43,161 INFO spawned: 'laravel-queue' with pid 166
2024-07-09 18:33:44,164 INFO success: laravel-queue entered RUNNING state, process has stayed up for > than 1 seconds (startsecs)
2024-07-09 18:33:47,828 INFO exited: laravel-queue (exit status 0; expected)
2024-07-09 18:33:48,834 INFO spawned: 'laravel-queue' with pid 170
2024-07-09 18:33:49,837 INFO success: laravel-queue entered RUNNING state, process has stayed up for > than 1 seconds (startsecs)
2024-07-09 18:33:53,821 INFO exited: laravel-queue (exit status 0; expected)
2024-07-09 18:33:54,825 INFO spawned: 'laravel-queue' with pid 174
2024-07-09 18:33:55,828 INFO success: laravel-queue entered RUNNING state, process has stayed up for > than 1 seconds (startsecs)
2024-07-09 18:33:59,791 INFO exited: laravel-queue (exit status 0; expected)
2024-07-09 18:34:00,795 INFO spawned: 'laravel-queue' with pid 178
2024-07-09 18:34:01,798 INFO success: laravel-queue entered RUNNING state, process has stayed up for > than 1 seconds (startsecs)
2024-07-09 18:34:05,775 INFO exited: laravel-queue (exit status 0; expected)
2024-07-09 18:34:06,780 INFO spawned: 'laravel-queue' with pid 182
2024-07-09 18:34:07,783 INFO success: laravel-queue entered RUNNING state, process has stayed up for > than 1 seconds (startsecs)
2024-07-09 18:34:11,575 INFO exited: laravel-queue (exit status 0; expected)
2024-07-09 18:34:12,581 INFO spawned: 'laravel-queue' with pid 186
2024-07-09 18:34:13,584 INFO success: laravel-queue entered RUNNING state, process has stayed up for > than 1 seconds (startsecs)
2024-07-09 18:34:17,282 INFO exited: laravel-queue (exit status 0; expected)
2024-07-09 18:34:18,287 INFO spawned: 'laravel-queue' with pid 190
2024-07-09 18:34:19,291 INFO success: laravel-queue entered RUNNING state, process has stayed up for > than 1 seconds (startsecs)
2024-07-09 18:34:23,560 INFO exited: laravel-queue (exit status 0; expected)
2024-07-09 18:34:24,564 INFO spawned: 'laravel-queue' with pid 194
2024-07-09 18:34:25,568 INFO success: laravel-queue entered RUNNING state, process has stayed up for > than 1 seconds (startsecs)
2024-07-09 18:34:29,467 INFO exited: laravel-queue (exit status 0; expected)
2024-07-09 18:34:30,471 INFO spawned: 'laravel-queue' with pid 198
2024-07-09 18:34:31,473 INFO success: laravel-queue entered RUNNING state, process has stayed up for > than 1 seconds (startsecs)
2024-07-09 18:34:35,223 INFO exited: laravel-queue (exit status 0; expected)
2024-07-09 18:34:36,228 INFO spawned: 'laravel-queue' with pid 202
2024-07-09 18:34:37,232 INFO success: laravel-queue entered RUNNING state, process has stayed up for > than 1 seconds (startsecs)
2024-07-09 18:34:41,080 INFO exited: laravel-queue (exit status 0; expected)
2024-07-09 18:34:42,085 INFO spawned: 'laravel-queue' with pid 206
2024-07-09 18:34:43,088 INFO success: laravel-queue entered RUNNING state, process has stayed up for > than 1 seconds (startsecs)
2024-07-09 18:34:46,968 INFO exited: laravel-queue (exit status 0; expected)
2024-07-09 18:34:47,972 INFO spawned: 'laravel-queue' with pid 210
2024-07-09 18:34:48,975 INFO success: laravel-queue entered RUNNING state, process has stayed up for > than 1 seconds (startsecs)
2024-07-09 18:34:53,105 INFO exited: laravel-queue (exit status 0; expected)
2024-07-09 18:34:54,110 INFO spawned: 'laravel-queue' with pid 214
2024-07-09 18:34:55,113 INFO success: laravel-queue entered RUNNING state, process has stayed up for > than 1 seconds (startsecs)
2024-07-09 18:34:58,962 INFO exited: laravel-queue (exit status 0; expected)
2024-07-09 18:34:59,966 INFO spawned: 'laravel-queue' with pid 218
2024-07-09 18:35:01,055 INFO success: laravel-queue entered RUNNING state, process has stayed up for > than 1 seconds (startsecs)
2024-07-09 19:02:43,198 INFO exited: laravel-queue (exit status 0; expected)
2024-07-09 19:02:44,204 INFO spawned: 'laravel-queue' with pid 222
2024-07-09 19:02:45,207 INFO success: laravel-queue entered RUNNING state, process has stayed up for > than 1 seconds (startsecs)
2024-07-09 19:17:45,054 INFO exited: laravel-queue (exit status 0; expected)
2024-07-09 19:17:46,059 INFO spawned: 'laravel-queue' with pid 226
2024-07-09 19:17:47,062 INFO success: laravel-queue entered RUNNING state, process has stayed up for > than 1 seconds (startsecs)
2024-07-09 19:36:33,220 INFO exited: laravel-queue (exit status 0; expected)
2024-07-09 19:36:34,224 INFO spawned: 'laravel-queue' with pid 230
2024-07-09 19:36:35,227 INFO success: laravel-queue entered RUNNING state, process has stayed up for > than 1 seconds (startsecs)
2024-07-09 19:47:58,865 INFO exited: laravel-queue (exit status 0; expected)
2024-07-09 19:47:59,871 INFO spawned: 'laravel-queue' with pid 234
2024-07-09 19:48:00,873 INFO success: laravel-queue entered RUNNING state, process has stayed up for > than 1 seconds (startsecs)
2024-07-09 19:59:59,797 INFO exited: laravel-queue (exit status 0; expected)
2024-07-09 20:00:00,801 INFO spawned: 'laravel-queue' with pid 238
2024-07-09 20:00:01,807 INFO success: laravel-queue entered RUNNING state, process has stayed up for > than 1 seconds (startsecs)
2024-07-09 20:00:05,673 INFO exited: laravel-queue (exit status 0; expected)
2024-07-09 20:00:06,677 INFO spawned: 'laravel-queue' with pid 242
2024-07-09 20:00:07,681 INFO success: laravel-queue entered RUNNING state, process has stayed up for > than 1 seconds (startsecs)
2024-07-09 20:00:11,437 INFO exited: laravel-queue (exit status 0; expected)
2024-07-09 20:00:12,441 INFO spawned: 'laravel-queue' with pid 246
2024-07-09 20:00:13,444 INFO success: laravel-queue entered RUNNING state, process has stayed up for > than 1 seconds (startsecs)
2024-07-09 20:18:56,736 INFO exited: laravel-queue (exit status 0; expected)
2024-07-09 20:18:56,740 INFO spawned: 'laravel-queue' with pid 250
2024-07-09 20:18:57,752 INFO success: laravel-queue entered RUNNING state, process has stayed up for > than 1 seconds (startsecs)
2024-07-09 20:19:01,640 INFO exited: laravel-queue (exit status 0; expected)
2024-07-09 20:19:02,644 INFO spawned: 'laravel-queue' with pid 254
2024-07-09 20:19:03,647 INFO success: laravel-queue entered RUNNING state, process has stayed up for > than 1 seconds (startsecs)
2024-07-09 20:19:07,305 INFO exited: laravel-queue (exit status 0; expected)
2024-07-09 20:19:08,310 INFO spawned: 'laravel-queue' with pid 258
2024-07-09 20:19:09,314 INFO success: laravel-queue entered RUNNING state, process has stayed up for > than 1 seconds (startsecs)
2024-07-09 20:19:12,962 INFO exited: laravel-queue (exit status 0; expected)
2024-07-09 20:19:13,966 INFO spawned: 'laravel-queue' with pid 262
2024-07-09 20:19:14,970 INFO success: laravel-queue entered RUNNING state, process has stayed up for > than 1 seconds (startsecs)
2024-07-09 20:19:18,664 INFO exited: laravel-queue (exit status 0; expected)
2024-07-09 20:19:19,668 INFO spawned: 'laravel-queue' with pid 266
2024-07-09 20:19:20,672 INFO success: laravel-queue entered RUNNING state, process has stayed up for > than 1 seconds (startsecs)
2024-07-09 20:19:24,345 INFO exited: laravel-queue (exit status 0; expected)
2024-07-09 20:19:25,349 INFO spawned: 'laravel-queue' with pid 270
2024-07-09 20:19:26,352 INFO success: laravel-queue entered RUNNING state, process has stayed up for > than 1 seconds (startsecs)
2024-07-09 20:19:30,022 INFO exited: laravel-queue (exit status 0; expected)
2024-07-09 20:19:31,027 INFO spawned: 'laravel-queue' with pid 274
2024-07-09 20:19:32,030 INFO success: laravel-queue entered RUNNING state, process has stayed up for > than 1 seconds (startsecs)
2024-07-09 20:19:35,686 INFO exited: laravel-queue (exit status 0; expected)
2024-07-09 20:19:36,690 INFO spawned: 'laravel-queue' with pid 278
2024-07-09 20:19:37,693 INFO success: laravel-queue entered RUNNING state, process has stayed up for > than 1 seconds (startsecs)
2024-07-09 20:19:41,452 INFO exited: laravel-queue (exit status 0; expected)
2024-07-09 20:19:42,456 INFO spawned: 'laravel-queue' with pid 282
2024-07-09 20:19:43,459 INFO success: laravel-queue entered RUNNING state, process has stayed up for > than 1 seconds (startsecs)
2024-07-09 20:19:47,113 INFO exited: laravel-queue (exit status 0; expected)
2024-07-09 20:19:48,117 INFO spawned: 'laravel-queue' with pid 286
2024-07-09 20:19:49,120 INFO success: laravel-queue entered RUNNING state, process has stayed up for > than 1 seconds (startsecs)
2024-07-09 20:19:52,779 INFO exited: laravel-queue (exit status 0; expected)
2024-07-09 20:19:53,784 INFO spawned: 'laravel-queue' with pid 290
2024-07-09 20:19:54,787 INFO success: laravel-queue entered RUNNING state, process has stayed up for > than 1 seconds (startsecs)
2024-07-09 20:19:58,462 INFO exited: laravel-queue (exit status 0; expected)
2024-07-09 20:19:59,466 INFO spawned: 'laravel-queue' with pid 294
2024-07-09 20:20:00,469 INFO success: laravel-queue entered RUNNING state, process has stayed up for > than 1 seconds (startsecs)
2024-07-09 20:20:04,192 INFO exited: laravel-queue (exit status 0; expected)
2024-07-09 20:20:05,197 INFO spawned: 'laravel-queue' with pid 298
2024-07-09 20:20:06,200 INFO success: laravel-queue entered RUNNING state, process has stayed up for > than 1 seconds (startsecs)
2024-07-09 20:20:10,021 INFO exited: laravel-queue (exit status 0; expected)
2024-07-09 20:20:11,026 INFO spawned: 'laravel-queue' with pid 302
2024-07-09 20:20:12,028 INFO success: laravel-queue entered RUNNING state, process has stayed up for > than 1 seconds (startsecs)
2024-07-09 20:20:15,882 INFO exited: laravel-queue (exit status 0; expected)
2024-07-09 20:20:16,886 INFO spawned: 'laravel-queue' with pid 306
2024-07-09 20:20:17,889 INFO success: laravel-queue entered RUNNING state, process has stayed up for > than 1 seconds (startsecs)
2024-07-09 20:20:21,547 INFO exited: laravel-queue (exit status 0; expected)
2024-07-09 20:20:22,551 INFO spawned: 'laravel-queue' with pid 310
2024-07-09 20:20:23,554 INFO success: laravel-queue entered RUNNING state, process has stayed up for > than 1 seconds (startsecs)
2024-07-09 20:20:27,255 INFO exited: laravel-queue (exit status 0; expected)
2024-07-09 20:20:28,260 INFO spawned: 'laravel-queue' with pid 314
2024-07-09 20:20:29,263 INFO success: laravel-queue entered RUNNING state, process has stayed up for > than 1 seconds (startsecs)
2024-07-09 20:20:32,958 INFO exited: laravel-queue (exit status 0; expected)
2024-07-09 20:20:33,961 INFO spawned: 'laravel-queue' with pid 318
2024-07-09 20:20:34,964 INFO success: laravel-queue entered RUNNING state, process has stayed up for > than 1 seconds (startsecs)
2024-07-09 20:20:38,622 INFO exited: laravel-queue (exit status 0; expected)
2024-07-09 20:20:39,628 INFO spawned: 'laravel-queue' with pid 322
2024-07-09 20:20:40,631 INFO success: laravel-queue entered RUNNING state, process has stayed up for > than 1 seconds (startsecs)
2024-07-09 20:20:44,538 INFO exited: laravel-queue (exit status 0; expected)
2024-07-09 20:20:45,542 INFO spawned: 'laravel-queue' with pid 326
2024-07-09 20:20:46,545 INFO success: laravel-queue entered RUNNING state, process has stayed up for > than 1 seconds (startsecs)
2024-07-09 20:20:50,196 INFO exited: laravel-queue (exit status 0; expected)
2024-07-09 20:20:51,200 INFO spawned: 'laravel-queue' with pid 330
2024-07-09 20:20:52,204 INFO success: laravel-queue entered RUNNING state, process has stayed up for > than 1 seconds (startsecs)
2024-07-09 20:20:55,892 INFO exited: laravel-queue (exit status 0; expected)
2024-07-09 20:20:56,896 INFO spawned: 'laravel-queue' with pid 334
2024-07-09 20:20:57,899 INFO success: laravel-queue entered RUNNING state, process has stayed up for > than 1 seconds (startsecs)
2024-07-09 20:21:01,539 INFO exited: laravel-queue (exit status 0; expected)
2024-07-09 20:21:02,543 INFO spawned: 'laravel-queue' with pid 338
2024-07-09 20:21:03,546 INFO success: laravel-queue entered RUNNING state, process has stayed up for > than 1 seconds (startsecs)
2024-07-09 20:21:07,214 INFO exited: laravel-queue (exit status 0; expected)
2024-07-09 20:21:08,218 INFO spawned: 'laravel-queue' with pid 342
2024-07-09 20:21:09,221 INFO success: laravel-queue entered RUNNING state, process has stayed up for > than 1 seconds (startsecs)
2024-07-09 20:21:12,910 INFO exited: laravel-queue (exit status 0; expected)
2024-07-09 20:21:13,914 INFO spawned: 'laravel-queue' with pid 346
2024-07-09 20:21:14,917 INFO success: laravel-queue entered RUNNING state, process has stayed up for > than 1 seconds (startsecs)
2024-07-09 20:21:18,583 INFO exited: laravel-queue (exit status 0; expected)
2024-07-09 20:21:19,587 INFO spawned: 'laravel-queue' with pid 350
2024-07-09 20:21:20,590 INFO success: laravel-queue entered RUNNING state, process has stayed up for > than 1 seconds (startsecs)
2024-07-09 20:21:24,240 INFO exited: laravel-queue (exit status 0; expected)
2024-07-09 20:21:25,244 INFO spawned: 'laravel-queue' with pid 354
2024-07-09 20:21:26,247 INFO success: laravel-queue entered RUNNING state, process has stayed up for > than 1 seconds (startsecs)
2024-07-09 20:21:29,953 INFO exited: laravel-queue (exit status 0; expected)
2024-07-09 20:21:30,957 INFO spawned: 'laravel-queue' with pid 358
2024-07-09 20:21:31,960 INFO success: laravel-queue entered RUNNING state, process has stayed up for > than 1 seconds (startsecs)
2024-07-09 20:21:35,611 INFO exited: laravel-queue (exit status 0; expected)
2024-07-09 20:21:36,615 INFO spawned: 'laravel-queue' with pid 362
2024-07-09 20:21:37,619 INFO success: laravel-queue entered RUNNING state, process has stayed up for > than 1 seconds (startsecs)
2024-07-09 20:21:41,281 INFO exited: laravel-queue (exit status 0; expected)
2024-07-09 20:21:42,285 INFO spawned: 'laravel-queue' with pid 366
2024-07-09 20:21:43,288 INFO success: laravel-queue entered RUNNING state, process has stayed up for > than 1 seconds (startsecs)
2024-07-09 20:21:46,967 INFO exited: laravel-queue (exit status 0; expected)
2024-07-09 20:21:47,969 INFO spawned: 'laravel-queue' with pid 370
2024-07-09 20:21:48,974 INFO success: laravel-queue entered RUNNING state, process has stayed up for > than 1 seconds (startsecs)
2024-07-09 20:21:52,653 INFO exited: laravel-queue (exit status 0; expected)
2024-07-09 20:21:53,657 INFO spawned: 'laravel-queue' with pid 374
2024-07-09 20:21:54,662 INFO success: laravel-queue entered RUNNING state, process has stayed up for > than 1 seconds (startsecs)
2024-07-09 20:21:58,415 INFO exited: laravel-queue (exit status 0; expected)
2024-07-09 20:21:59,420 INFO spawned: 'laravel-queue' with pid 378
2024-07-09 20:22:00,423 INFO success: laravel-queue entered RUNNING state, process has stayed up for > than 1 seconds (startsecs)
2024-07-09 20:22:04,203 INFO exited: laravel-queue (exit status 0; expected)
2024-07-09 20:22:05,207 INFO spawned: 'laravel-queue' with pid 382
2024-07-09 20:22:06,210 INFO success: laravel-queue entered RUNNING state, process has stayed up for > than 1 seconds (startsecs)
2024-07-10 10:59:41,093 CRIT Supervisor is running as root.  Privileges were not dropped because no user is specified in the config file.  If you intend to run as root, you can set user=root in the config file to avoid this message.
2024-07-10 10:59:41,106 INFO supervisord started with pid 1
2024-07-10 10:59:42,114 INFO spawned: 'laravel-queue' with pid 8
2024-07-10 10:59:42,118 INFO spawned: 'php-fpm' with pid 9
2024-07-10 10:59:43,210 INFO success: laravel-queue entered RUNNING state, process has stayed up for > than 1 seconds (startsecs)
2024-07-10 10:59:43,210 INFO success: php-fpm entered RUNNING state, process has stayed up for > than 1 seconds (startsecs)
